{"level":"info","message":"Connected to rabbit mq","service":"post-service","timestamp":"2025-04-11T15:12:27.806Z"}
{"level":"info","message":"Post Service ruuning on port 3002","service":"post-service","timestamp":"2025-04-11T15:12:27.810Z"}
{"level":"info","message":"Connected to DB","service":"post-service","timestamp":"2025-04-11T15:12:28.475Z"}
{"level":"info","message":"Received POST request to /api/posts/create-post","service":"post-service","timestamp":"2025-04-11T15:17:59.774Z"}
{"level":"info","message":"Request body, [object Object]","service":"post-service","timestamp":"2025-04-11T15:17:59.776Z"}
{"level":"info","message":"Create post endpoint hit","service":"post-service","timestamp":"2025-04-11T15:17:59.777Z"}
{"level":"info","message":"Event published: post.created","service":"post-service","timestamp":"2025-04-11T15:17:59.852Z"}
{"$__":{"$versionError":null,"activePaths":{"paths":{"content":"require","user":"require"},"states":{"default":{},"modify":{},"require":{"content":true,"user":true}}},"backup":{"activePaths":{"default":{"_id":true,"createdAt":true},"modify":{"content":true,"mediaIds":true,"updatedAt":true,"user":true}},"validationError":null},"cachedRequired":{},"inserting":true,"op":null,"pathsToScopes":{"mediaIds":{"__v":0,"_id":"67f932a75f718d7dd13b2e71","content":"search test 10","createdAt":"2025-04-11T15:17:59.785Z","mediaIds":[],"updatedAt":"2025-04-11T15:17:59.785Z","user":"67f8fe8328c97fd75e0d78ea"}},"saveOptions":null,"savedState":{},"saving":null,"validating":null},"$isNew":false,"_doc":{"__v":0,"_id":"67f932a75f718d7dd13b2e71","content":"search test 10","createdAt":"2025-04-11T15:17:59.785Z","mediaIds":[],"updatedAt":"2025-04-11T15:17:59.785Z","user":"67f8fe8328c97fd75e0d78ea"},"level":"info","message":"Post created successfully","service":"post-service","timestamp":"2025-04-11T15:17:59.854Z"}
{"level":"info","message":"Received GET request to /api/posts/all-posts","service":"post-service","timestamp":"2025-04-11T15:18:18.855Z"}
{"level":"info","message":"Request body, [object Object]","service":"post-service","timestamp":"2025-04-11T15:18:18.856Z"}
{"level":"info","message":"Received GET request to /api/posts/all-posts","service":"post-service","timestamp":"2025-04-11T15:18:20.803Z"}
{"level":"info","message":"Request body, [object Object]","service":"post-service","timestamp":"2025-04-11T15:18:20.804Z"}
{"level":"info","message":"Received GET request to /api/posts/all-posts","service":"post-service","timestamp":"2025-04-11T15:18:24.319Z"}
{"level":"info","message":"Request body, [object Object]","service":"post-service","timestamp":"2025-04-11T15:18:24.319Z"}
{"level":"info","message":"Received GET request to /api/posts/all-posts","service":"post-service","timestamp":"2025-04-11T15:18:25.325Z"}
{"level":"info","message":"Request body, [object Object]","service":"post-service","timestamp":"2025-04-11T15:18:25.326Z"}
{"level":"info","message":"Received GET request to /api/posts/all-posts","service":"post-service","timestamp":"2025-04-11T15:18:26.040Z"}
{"level":"info","message":"Request body, [object Object]","service":"post-service","timestamp":"2025-04-11T15:18:26.040Z"}
{"level":"info","message":"Received GET request to /api/posts/all-posts","service":"post-service","timestamp":"2025-04-11T15:18:26.815Z"}
{"level":"info","message":"Request body, [object Object]","service":"post-service","timestamp":"2025-04-11T15:18:26.816Z"}
{"level":"info","message":"Received POST request to /api/posts/create-post","service":"post-service","timestamp":"2025-04-11T15:45:24.508Z"}
{"level":"info","message":"Request body, [object Object]","service":"post-service","timestamp":"2025-04-11T15:45:24.512Z"}
{"level":"info","message":"Create post endpoint hit","service":"post-service","timestamp":"2025-04-11T15:45:24.514Z"}
{"level":"info","message":"Event published: post.created","service":"post-service","timestamp":"2025-04-11T15:45:24.887Z"}
{"$__":{"$versionError":null,"activePaths":{"paths":{"content":"require","user":"require"},"states":{"default":{},"modify":{},"require":{"content":true,"user":true}}},"backup":{"activePaths":{"default":{"_id":true,"createdAt":true},"modify":{"content":true,"mediaIds":true,"updatedAt":true,"user":true}},"validationError":null},"cachedRequired":{},"inserting":true,"op":null,"pathsToScopes":{"mediaIds":{"__v":0,"_id":"67f939145f718d7dd13b2e75","content":"search test 111111","createdAt":"2025-04-11T15:45:24.520Z","mediaIds":[],"updatedAt":"2025-04-11T15:45:24.520Z","user":"67f8fe8328c97fd75e0d78ea"}},"saveOptions":null,"savedState":{},"saving":null,"validating":null},"$isNew":false,"_doc":{"__v":0,"_id":"67f939145f718d7dd13b2e75","content":"search test 111111","createdAt":"2025-04-11T15:45:24.520Z","mediaIds":[],"updatedAt":"2025-04-11T15:45:24.520Z","user":"67f8fe8328c97fd75e0d78ea"},"level":"info","message":"Post created successfully","service":"post-service","timestamp":"2025-04-11T15:45:24.889Z"}
{"level":"info","message":"Received POST request to /api/posts/create-post","service":"post-service","timestamp":"2025-04-11T15:45:27.197Z"}
{"level":"info","message":"Request body, [object Object]","service":"post-service","timestamp":"2025-04-11T15:45:27.197Z"}
{"level":"info","message":"Create post endpoint hit","service":"post-service","timestamp":"2025-04-11T15:45:27.197Z"}
{"level":"info","message":"Event published: post.created","service":"post-service","timestamp":"2025-04-11T15:45:27.256Z"}
{"$__":{"$versionError":null,"activePaths":{"paths":{"content":"require","user":"require"},"states":{"default":{},"modify":{},"require":{"content":true,"user":true}}},"backup":{"activePaths":{"default":{"_id":true,"createdAt":true},"modify":{"content":true,"mediaIds":true,"updatedAt":true,"user":true}},"validationError":null},"cachedRequired":{},"inserting":true,"op":null,"pathsToScopes":{"mediaIds":{"__v":0,"_id":"67f939175f718d7dd13b2e77","content":"search test 11112222211","createdAt":"2025-04-11T15:45:27.199Z","mediaIds":[],"updatedAt":"2025-04-11T15:45:27.199Z","user":"67f8fe8328c97fd75e0d78ea"}},"saveOptions":null,"savedState":{},"saving":null,"validating":null},"$isNew":false,"_doc":{"__v":0,"_id":"67f939175f718d7dd13b2e77","content":"search test 11112222211","createdAt":"2025-04-11T15:45:27.199Z","mediaIds":[],"updatedAt":"2025-04-11T15:45:27.199Z","user":"67f8fe8328c97fd75e0d78ea"},"level":"info","message":"Post created successfully","service":"post-service","timestamp":"2025-04-11T15:45:27.258Z"}
{"level":"info","message":"Received POST request to /api/posts/create-post","service":"post-service","timestamp":"2025-04-11T15:45:29.035Z"}
{"level":"info","message":"Request body, [object Object]","service":"post-service","timestamp":"2025-04-11T15:45:29.035Z"}
{"level":"info","message":"Create post endpoint hit","service":"post-service","timestamp":"2025-04-11T15:45:29.036Z"}
{"level":"info","message":"Event published: post.created","service":"post-service","timestamp":"2025-04-11T15:45:29.092Z"}
{"$__":{"$versionError":null,"activePaths":{"paths":{"content":"require","user":"require"},"states":{"default":{},"modify":{},"require":{"content":true,"user":true}}},"backup":{"activePaths":{"default":{"_id":true,"createdAt":true},"modify":{"content":true,"mediaIds":true,"updatedAt":true,"user":true}},"validationError":null},"cachedRequired":{},"inserting":true,"op":null,"pathsToScopes":{"mediaIds":{"__v":0,"_id":"67f939195f718d7dd13b2e79","content":"search test 33333","createdAt":"2025-04-11T15:45:29.039Z","mediaIds":[],"updatedAt":"2025-04-11T15:45:29.039Z","user":"67f8fe8328c97fd75e0d78ea"}},"saveOptions":null,"savedState":{},"saving":null,"validating":null},"$isNew":false,"_doc":{"__v":0,"_id":"67f939195f718d7dd13b2e79","content":"search test 33333","createdAt":"2025-04-11T15:45:29.039Z","mediaIds":[],"updatedAt":"2025-04-11T15:45:29.039Z","user":"67f8fe8328c97fd75e0d78ea"},"level":"info","message":"Post created successfully","service":"post-service","timestamp":"2025-04-11T15:45:29.094Z"}
{"level":"info","message":"Received POST request to /api/posts/create-post","service":"post-service","timestamp":"2025-04-11T15:45:31.256Z"}
{"level":"info","message":"Request body, [object Object]","service":"post-service","timestamp":"2025-04-11T15:45:31.257Z"}
{"level":"info","message":"Create post endpoint hit","service":"post-service","timestamp":"2025-04-11T15:45:31.257Z"}
{"level":"info","message":"Event published: post.created","service":"post-service","timestamp":"2025-04-11T15:45:31.343Z"}
{"$__":{"$versionError":null,"activePaths":{"paths":{"content":"require","user":"require"},"states":{"default":{},"modify":{},"require":{"content":true,"user":true}}},"backup":{"activePaths":{"default":{"_id":true,"createdAt":true},"modify":{"content":true,"mediaIds":true,"updatedAt":true,"user":true}},"validationError":null},"cachedRequired":{},"inserting":true,"op":null,"pathsToScopes":{"mediaIds":{"__v":0,"_id":"67f9391b5f718d7dd13b2e7b","content":"search test 33333","createdAt":"2025-04-11T15:45:31.258Z","mediaIds":[],"updatedAt":"2025-04-11T15:45:31.258Z","user":"67f8fe8328c97fd75e0d78ea"}},"saveOptions":null,"savedState":{},"saving":null,"validating":null},"$isNew":false,"_doc":{"__v":0,"_id":"67f9391b5f718d7dd13b2e7b","content":"search test 33333","createdAt":"2025-04-11T15:45:31.258Z","mediaIds":[],"updatedAt":"2025-04-11T15:45:31.258Z","user":"67f8fe8328c97fd75e0d78ea"},"level":"info","message":"Post created successfully","service":"post-service","timestamp":"2025-04-11T15:45:31.344Z"}
{"level":"info","message":"Received GET request to /api/posts/all-posts","service":"post-service","timestamp":"2025-04-11T15:45:36.184Z"}
{"level":"info","message":"Request body, [object Object]","service":"post-service","timestamp":"2025-04-11T15:45:36.185Z"}
{"level":"info","message":"Received GET request to /api/posts/all-posts","service":"post-service","timestamp":"2025-04-11T15:45:40.083Z"}
{"level":"info","message":"Request body, [object Object]","service":"post-service","timestamp":"2025-04-11T15:45:40.084Z"}
{"level":"info","message":"Received GET request to /api/posts/67f9391b5f718d7dd13b2e7b","service":"post-service","timestamp":"2025-04-11T16:04:40.244Z"}
{"level":"info","message":"Request body, [object Object]","service":"post-service","timestamp":"2025-04-11T16:04:40.246Z"}
{"level":"info","message":"Received GET request to /api/posts/all-posts","service":"post-service","timestamp":"2025-04-11T16:12:50.439Z"}
{"level":"info","message":"Request body, [object Object]","service":"post-service","timestamp":"2025-04-11T16:12:50.439Z"}
{"level":"info","message":"Received POST request to /api/posts/create-post","service":"post-service","timestamp":"2025-04-11T16:37:55.667Z"}
{"level":"info","message":"Request body, [object Object]","service":"post-service","timestamp":"2025-04-11T16:37:55.676Z"}
{"level":"info","message":"Create post endpoint hit","service":"post-service","timestamp":"2025-04-11T16:37:55.678Z"}
{"level":"info","message":"Event published: post.created","service":"post-service","timestamp":"2025-04-11T16:37:55.780Z"}
{"$__":{"$versionError":null,"activePaths":{"paths":{"content":"require","user":"require"},"states":{"default":{},"modify":{},"require":{"content":true,"user":true}}},"backup":{"activePaths":{"default":{"_id":true,"createdAt":true},"modify":{"content":true,"mediaIds":true,"updatedAt":true,"user":true}},"validationError":null},"cachedRequired":{},"inserting":true,"op":null,"pathsToScopes":{"mediaIds":{"__v":0,"_id":"67f945635f718d7dd13b2e82","content":"search test 33333","createdAt":"2025-04-11T16:37:55.702Z","mediaIds":[],"updatedAt":"2025-04-11T16:37:55.702Z","user":"67f8fe8328c97fd75e0d78ea"}},"saveOptions":null,"savedState":{},"saving":null,"validating":null},"$isNew":false,"_doc":{"__v":0,"_id":"67f945635f718d7dd13b2e82","content":"search test 33333","createdAt":"2025-04-11T16:37:55.702Z","mediaIds":[],"updatedAt":"2025-04-11T16:37:55.702Z","user":"67f8fe8328c97fd75e0d78ea"},"level":"info","message":"Post created successfully","service":"post-service","timestamp":"2025-04-11T16:37:55.784Z"}
