{"level":"info","message":"Identity Service ruuning on port 3001","service":"identity-service","timestamp":"2025-04-11T10:56:05.175Z"}
{"level":"info","message":"Connected to DB","service":"identity-service","timestamp":"2025-04-11T10:56:05.837Z"}
{"level":"info","message":"Identity Service ruuning on port 3001","service":"identity-service","timestamp":"2025-04-11T10:56:20.219Z"}
{"0":" ","1":"r","2":"e","3":"a","4":"s","5":"o","6":"n","level":"error","message":"Unhandled Rejection at","service":"identity-service","timestamp":"2025-04-11T10:56:20.223Z"}
{"0":" ","1":"r","2":"e","3":"a","4":"s","5":"o","6":"n","level":"error","message":"Unhandled Rejection at","service":"identity-service","timestamp":"2025-04-11T10:56:20.223Z"}
{"level":"info","message":"Connected to DB","service":"identity-service","timestamp":"2025-04-11T10:56:20.796Z"}
{"level":"info","message":"Identity Service ruuning on port 3001","service":"identity-service","timestamp":"2025-04-11T10:56:35.327Z"}
{"0":" ","1":"r","2":"e","3":"a","4":"s","5":"o","6":"n","level":"error","message":"Unhandled Rejection at","service":"identity-service","timestamp":"2025-04-11T10:56:35.330Z"}
{"0":" ","1":"r","2":"e","3":"a","4":"s","5":"o","6":"n","level":"error","message":"Unhandled Rejection at","service":"identity-service","timestamp":"2025-04-11T10:56:35.330Z"}
{"level":"info","message":"Connected to DB","service":"identity-service","timestamp":"2025-04-11T10:56:35.953Z"}
{"level":"info","message":"Identity Service ruuning on port 3001","service":"identity-service","timestamp":"2025-04-11T10:57:00.414Z"}
{"0":" ","1":"r","2":"e","3":"a","4":"s","5":"o","6":"n","level":"error","message":"Unhandled Rejection at","service":"identity-service","timestamp":"2025-04-11T10:57:00.418Z"}
{"0":" ","1":"r","2":"e","3":"a","4":"s","5":"o","6":"n","level":"error","message":"Unhandled Rejection at","service":"identity-service","timestamp":"2025-04-11T10:57:00.418Z"}
{"level":"info","message":"Connected to DB","service":"identity-service","timestamp":"2025-04-11T10:57:01.039Z"}
{"level":"info","message":"Identity Service ruuning on port 3001","service":"identity-service","timestamp":"2025-04-11T10:58:35.963Z"}
{"level":"info","message":"Connected to DB","service":"identity-service","timestamp":"2025-04-11T10:58:36.620Z"}
{"level":"info","message":"Identity Service ruuning on port 3001","service":"identity-service","timestamp":"2025-04-11T11:00:25.931Z"}
{"level":"info","message":"Connected to DB","service":"identity-service","timestamp":"2025-04-11T11:00:27.122Z"}
{"level":"info","message":"Identity Service ruuning on port 3001","service":"identity-service","timestamp":"2025-04-11T11:00:38.446Z"}
{"level":"info","message":"Connected to DB","service":"identity-service","timestamp":"2025-04-11T11:00:39.067Z"}
{"level":"info","message":"Identity Service ruuning on port 3001","service":"identity-service","timestamp":"2025-04-11T11:00:40.263Z"}
{"level":"info","message":"Connected to DB","service":"identity-service","timestamp":"2025-04-11T11:00:40.870Z"}
{"level":"info","message":"Identity Service ruuning on port 3001","service":"identity-service","timestamp":"2025-04-11T11:00:46.214Z"}
{"level":"info","message":"Connected to DB","service":"identity-service","timestamp":"2025-04-11T11:00:46.835Z"}
{"level":"info","message":"Identity Service ruuning on port 3001","service":"identity-service","timestamp":"2025-04-11T11:00:52.852Z"}
{"level":"info","message":"Connected to DB","service":"identity-service","timestamp":"2025-04-11T11:00:54.479Z"}
{"level":"info","message":"Identity Service ruuning on port 3001","service":"identity-service","timestamp":"2025-04-11T11:01:10.825Z"}
{"level":"info","message":"Connected to DB","service":"identity-service","timestamp":"2025-04-11T11:01:11.440Z"}
{"level":"info","message":"Identity Service ruuning on port 3001","service":"identity-service","timestamp":"2025-04-11T11:01:26.078Z"}
{"level":"info","message":"Connected to DB","service":"identity-service","timestamp":"2025-04-11T11:01:26.839Z"}
{"level":"info","message":"Identity Service ruuning on port 3001","service":"identity-service","timestamp":"2025-04-11T11:01:29.961Z"}
{"level":"info","message":"Connected to DB","service":"identity-service","timestamp":"2025-04-11T11:01:30.711Z"}
{"level":"info","message":"Identity Service ruuning on port 3001","service":"identity-service","timestamp":"2025-04-11T11:02:50.329Z"}
{"level":"info","message":"Connected to DB","service":"identity-service","timestamp":"2025-04-11T11:02:51.049Z"}
{"level":"info","message":"Identity Service ruuning on port 3001","service":"identity-service","timestamp":"2025-04-11T11:02:55.678Z"}
{"level":"info","message":"Connected to DB","service":"identity-service","timestamp":"2025-04-11T11:02:56.319Z"}
{"level":"info","message":"Identity Service ruuning on port 3001","service":"identity-service","timestamp":"2025-04-11T11:04:00.011Z"}
{"level":"info","message":"Connected to DB","service":"identity-service","timestamp":"2025-04-11T11:04:00.672Z"}
{"level":"info","message":"Identity Service ruuning on port 3001","service":"identity-service","timestamp":"2025-04-11T11:06:16.257Z"}
{"level":"info","message":"Connected to DB","service":"identity-service","timestamp":"2025-04-11T11:06:16.929Z"}
{"level":"info","message":"Identity Service ruuning on port 3001","service":"identity-service","timestamp":"2025-04-11T11:06:19.227Z"}
{"level":"info","message":"Connected to DB","service":"identity-service","timestamp":"2025-04-11T11:06:19.814Z"}
{"level":"info","message":"Identity Service ruuning on port 3001","service":"identity-service","timestamp":"2025-04-11T11:06:28.649Z"}
{"level":"info","message":"Connected to DB","service":"identity-service","timestamp":"2025-04-11T11:06:29.653Z"}
{"level":"info","message":"Identity Service ruuning on port 3001","service":"identity-service","timestamp":"2025-04-11T11:06:33.875Z"}
{"level":"info","message":"Connected to DB","service":"identity-service","timestamp":"2025-04-11T11:06:34.494Z"}
{"level":"info","message":"Identity Service ruuning on port 3001","service":"identity-service","timestamp":"2025-04-11T11:06:57.154Z"}
{"level":"info","message":"Connected to DB","service":"identity-service","timestamp":"2025-04-11T11:06:57.782Z"}
{"level":"info","message":"Identity Service ruuning on port 3001","service":"identity-service","timestamp":"2025-04-11T11:07:05.045Z"}
{"level":"info","message":"Connected to DB","service":"identity-service","timestamp":"2025-04-11T11:07:05.614Z"}
{"level":"info","message":"Identity Service ruuning on port 3001","service":"identity-service","timestamp":"2025-04-11T11:07:09.732Z"}
{"level":"info","message":"Connected to DB","service":"identity-service","timestamp":"2025-04-11T11:07:10.326Z"}
{"level":"info","message":"Identity Service ruuning on port 3001","service":"identity-service","timestamp":"2025-04-11T11:07:40.929Z"}
{"level":"info","message":"Connected to DB","service":"identity-service","timestamp":"2025-04-11T11:07:41.580Z"}
{"level":"info","message":"Identity Service ruuning on port 3001","service":"identity-service","timestamp":"2025-04-11T11:07:59.842Z"}
{"level":"info","message":"Connected to DB","service":"identity-service","timestamp":"2025-04-11T11:08:00.688Z"}
{"level":"info","message":"Identity Service ruuning on port 3001","service":"identity-service","timestamp":"2025-04-11T11:08:07.598Z"}
{"level":"info","message":"Connected to DB","service":"identity-service","timestamp":"2025-04-11T11:08:08.178Z"}
{"level":"info","message":"Identity Service ruuning on port 3001","service":"identity-service","timestamp":"2025-04-11T11:08:10.127Z"}
{"level":"info","message":"Connected to DB","service":"identity-service","timestamp":"2025-04-11T11:08:10.748Z"}
{"level":"info","message":"Identity Service ruuning on port 3001","service":"identity-service","timestamp":"2025-04-11T11:08:11.832Z"}
{"level":"info","message":"Connected to DB","service":"identity-service","timestamp":"2025-04-11T11:08:12.555Z"}
{"level":"info","message":"Received POST request to /v1/auth/register","service":"identity-service","timestamp":"2025-04-11T11:29:05.141Z"}
{"level":"info","message":"Request body, [object Object]","service":"identity-service","timestamp":"2025-04-11T11:29:05.144Z"}
{"level":"info","message":"Received POST request to /v1/auth/register","service":"identity-service","timestamp":"2025-04-11T11:30:34.920Z"}
{"level":"info","message":"Request body, [object Object]","service":"identity-service","timestamp":"2025-04-11T11:30:34.920Z"}
{"level":"info","message":"Identity Service ruuning on port 3001","service":"identity-service","timestamp":"2025-04-11T11:31:07.663Z"}
{"level":"info","message":"Connected to DB","service":"identity-service","timestamp":"2025-04-11T11:31:08.345Z"}
{"level":"info","message":"Identity Service ruuning on port 3001","service":"identity-service","timestamp":"2025-04-11T11:31:45.598Z"}
{"level":"info","message":"Connected to DB","service":"identity-service","timestamp":"2025-04-11T11:31:46.215Z"}
{"level":"info","message":"Identity Service ruuning on port 3001","service":"identity-service","timestamp":"2025-04-11T11:31:48.596Z"}
{"level":"info","message":"Received POST request to /v1/auth/register","service":"identity-service","timestamp":"2025-04-11T11:31:48.673Z"}
{"level":"info","message":"Request body, [object Object]","service":"identity-service","timestamp":"2025-04-11T11:31:48.674Z"}
{"level":"info","message":"Connected to DB","service":"identity-service","timestamp":"2025-04-11T11:31:50.241Z"}
{"level":"info","message":"Identity Service ruuning on port 3001","service":"identity-service","timestamp":"2025-04-11T11:32:17.297Z"}
{"level":"info","message":"Connected to DB","service":"identity-service","timestamp":"2025-04-11T11:32:17.976Z"}
{"level":"info","message":"Identity Service ruuning on port 3001","service":"identity-service","timestamp":"2025-04-11T11:32:19.401Z"}
{"level":"info","message":"Connected to DB","service":"identity-service","timestamp":"2025-04-11T11:32:19.987Z"}
{"level":"info","message":"Received POST request to /v1/auth/register","service":"identity-service","timestamp":"2025-04-11T11:32:23.422Z"}
{"level":"info","message":"Request body, [object Object]","service":"identity-service","timestamp":"2025-04-11T11:32:23.423Z"}
{"level":"info","message":"Identity Service ruuning on port 3001","service":"identity-service","timestamp":"2025-04-11T11:32:32.403Z"}
{"level":"info","message":"Connected to DB","service":"identity-service","timestamp":"2025-04-11T11:32:32.987Z"}
{"level":"info","message":"Identity Service ruuning on port 3001","service":"identity-service","timestamp":"2025-04-11T11:33:19.833Z"}
{"level":"info","message":"Connected to DB","service":"identity-service","timestamp":"2025-04-11T11:33:20.521Z"}
{"level":"info","message":"Received POST request to /api/auth/register","service":"identity-service","timestamp":"2025-04-11T11:35:13.228Z"}
{"level":"info","message":"Request body, [object Object]","service":"identity-service","timestamp":"2025-04-11T11:35:13.229Z"}
{"level":"info","message":"Registration endpoint hit...","service":"identity-service","timestamp":"2025-04-11T11:35:13.243Z"}
{"0":"\"","1":"p","10":" ","11":"l","12":"e","13":"n","14":"g","15":"t","16":"h","17":" ","18":"m","19":"u","2":"a","20":"s","21":"t","22":" ","23":"b","24":"e","25":" ","26":"a","27":"t","28":" ","29":"l","3":"s","30":"e","31":"a","32":"s","33":"t","34":" ","35":"6","36":" ","37":"c","38":"h","39":"a","4":"s","40":"r","41":"a","42":"c","43":"t","44":"e","45":"r","46":"s","47":" ","48":"l","49":"o","5":"w","50":"n","51":"g","6":"o","7":"r","8":"d","9":"\"","level":"warn","message":"Validation error","service":"identity-service","timestamp":"2025-04-11T11:35:13.251Z"}
{"level":"info","message":"Received POST request to /api/auth/register","service":"identity-service","timestamp":"2025-04-11T11:35:31.844Z"}
{"level":"info","message":"Request body, [object Object]","service":"identity-service","timestamp":"2025-04-11T11:35:31.844Z"}
{"level":"info","message":"Registration endpoint hit...","service":"identity-service","timestamp":"2025-04-11T11:35:31.845Z"}
{"buffer":{"data":[103,248,254,131,40,201,127,215,94,13,120,234],"type":"Buffer"},"level":"warn","message":"User save successfully","service":"identity-service","timestamp":"2025-04-11T11:35:32.095Z"}
{"level":"info","message":"Received POST request to /api/auth/register","service":"identity-service","timestamp":"2025-04-11T11:39:05.377Z"}
{"level":"info","message":"Request body, [object Object]","service":"identity-service","timestamp":"2025-04-11T11:39:05.377Z"}
{"level":"info","message":"Registration endpoint hit...","service":"identity-service","timestamp":"2025-04-11T11:39:05.379Z"}
{"level":"warn","message":"User already exists","service":"identity-service","timestamp":"2025-04-11T11:39:05.451Z"}
{"level":"info","message":"Identity Service ruuning on port 3001","service":"identity-service","timestamp":"2025-04-11T11:39:55.246Z"}
{"level":"info","message":"Connected to DB","service":"identity-service","timestamp":"2025-04-11T11:39:56.022Z"}
{"level":"info","message":"Received POST request to /api/auth/register","service":"identity-service","timestamp":"2025-04-11T11:54:32.372Z"}
{"level":"info","message":"Request body, [object Object]","service":"identity-service","timestamp":"2025-04-11T11:54:32.373Z"}
{"level":"info","message":"Registration endpoint hit...","service":"identity-service","timestamp":"2025-04-11T11:54:32.380Z"}
{"level":"warn","message":"User already exists","service":"identity-service","timestamp":"2025-04-11T11:54:32.450Z"}
{"level":"info","message":"Received POST request to /api/auth/register","service":"identity-service","timestamp":"2025-04-11T11:54:39.701Z"}
{"level":"info","message":"Request body, [object Object]","service":"identity-service","timestamp":"2025-04-11T11:54:39.702Z"}
{"level":"info","message":"Registration endpoint hit...","service":"identity-service","timestamp":"2025-04-11T11:54:39.704Z"}
{"buffer":{"data":[103,249,2,255,99,176,221,24,88,148,237,196],"type":"Buffer"},"level":"warn","message":"User save successfully","service":"identity-service","timestamp":"2025-04-11T11:54:39.937Z"}
{"level":"info","message":"Received POST request to /api/auth/login","service":"identity-service","timestamp":"2025-04-11T11:57:39.648Z"}
{"level":"info","message":"Request body, [object Object]","service":"identity-service","timestamp":"2025-04-11T11:57:39.649Z"}
{"level":"info","message":"Login endpoint hit...","service":"identity-service","timestamp":"2025-04-11T11:57:39.650Z"}
{"level":"info","message":"Received POST request to /api/auth/login","service":"identity-service","timestamp":"2025-04-11T11:57:41.647Z"}
{"level":"info","message":"Request body, [object Object]","service":"identity-service","timestamp":"2025-04-11T11:57:41.648Z"}
{"level":"info","message":"Login endpoint hit...","service":"identity-service","timestamp":"2025-04-11T11:57:41.649Z"}
{"level":"info","message":"Received POST request to /api/auth/login","service":"identity-service","timestamp":"2025-04-11T11:57:43.224Z"}
{"level":"info","message":"Request body, [object Object]","service":"identity-service","timestamp":"2025-04-11T11:57:43.224Z"}
{"level":"info","message":"Login endpoint hit...","service":"identity-service","timestamp":"2025-04-11T11:57:43.225Z"}
{"level":"info","message":"Received POST request to /api/auth/login","service":"identity-service","timestamp":"2025-04-11T12:10:29.429Z"}
{"level":"info","message":"Request body, [object Object]","service":"identity-service","timestamp":"2025-04-11T12:10:29.436Z"}
{"level":"info","message":"Login endpoint hit...","service":"identity-service","timestamp":"2025-04-11T12:10:29.447Z"}
{"level":"info","message":"Received POST request to /api/auth/login","service":"identity-service","timestamp":"2025-04-11T15:17:42.852Z"}
{"level":"info","message":"Request body, [object Object]","service":"identity-service","timestamp":"2025-04-11T15:17:42.857Z"}
{"level":"info","message":"Login endpoint hit...","service":"identity-service","timestamp":"2025-04-11T15:17:42.865Z"}
